<?xml version="1.0" encoding="UTF-8"?>
<testsuite name="CaesarCipherTest" tests="5" skipped="0" failures="0" errors="0" timestamp="2021-08-01T21:20:10" hostname="moringa-ThinkPad-X260" time="0.004">
  <properties/>
  <testcase name="CaeserCipher_unDoDecryption_string" classname="CaesarCipherTest" time="0.002"/>
  <testcase name="CaeserCipher_enableUpperCaseInput" classname="CaesarCipherTest" time="0.0"/>
  <testcase name="CaeserCipher_instanceOf_Object" classname="CaesarCipherTest" time="0.0"/>
  <testcase name="CaeserCipher_doEncryption_string" classname="CaesarCipherTest" time="0.0"/>
  <testcase name="CaeserCipher_takeStringInput_string" classname="CaesarCipherTest" time="0.0"/>
  <system-out><![CDATA[]]></system-out>
  <system-err><![CDATA[]]></system-err>
</testsuite>
